<?xml version="1.0" encoding="UTF-8"?>
<!-- Generated by org.testng.reporters.JUnitReportReporter -->
<testsuite skipped="0" hostname="LAPTOP-UIRTDUBJ" name="TestJava.Test1" tests="1" failures="0" timestamp="25 Dec 2021 11:29:11 GMT" time="0.013" errors="0">
  <testcase name="firsttest" time="0.013" classname="TestJava.Test1"/>
</testsuite> <!-- TestJava.Test1 -->
